<?xml version="1.0" encoding="UTF-8"?>
<!-- Generated by org.testng.reporters.JUnitReportReporter -->
<testsuite hostname="DESKTOP-HQCM5R0" name="pkgyt.TC3" tests="1" failures="0" timestamp="31 May 2020 03:40:43 GMT" time="44.778" errors="0">
  <testcase name="library" time="44.778" classname="pkgyt.TC3"/>
</testsuite> <!-- pkgyt.TC3 -->
