<?xml version="1.0" encoding="UTF-8"?>
<!-- Generated by org.testng.reporters.JUnitReportReporter -->
<testsuite hostname="DESKTOP-HQCM5R0" name="pkgyt.Vinay" tests="1" failures="0" timestamp="30 May 2020 14:34:25 GMT" time="61.949" errors="0">
  <testcase name="Trending" time="61.949" classname="pkgyt.Vinay"/>
</testsuite> <!-- pkgyt.Vinay -->
