<?xml version="1.0" encoding="UTF-8"?>
<!-- Generated by org.testng.reporters.JUnitReportReporter -->
<testsuite hostname="DESKTOP-HQCM5R0" name="pkgyt.TC5" tests="1" failures="0" timestamp="30 May 2020 16:18:15 GMT" time="55.994" errors="0">
  <testcase name="like" time="55.994" classname="pkgyt.TC5"/>
</testsuite> <!-- pkgyt.TC5 -->
