<?xml version="1.0" encoding="UTF-8"?>
<!-- Generated by org.testng.reporters.JUnitReportReporter -->
<testsuite hostname="DESKTOP-HQCM5R0" name="pkgyt.TC7" tests="1" failures="0" timestamp="30 May 2020 16:18:15 GMT" time="75.597" errors="0">
  <testcase name="comment" time="75.597" classname="pkgyt.TC7"/>
</testsuite> <!-- pkgyt.TC7 -->
