<?xml version="1.0" encoding="UTF-8"?>
<!-- Generated by org.testng.reporters.JUnitReportReporter -->
<testsuite hostname="DESKTOP-HQCM5R0" name="pkgyt.TC6" tests="1" failures="0" timestamp="31 May 2020 03:40:43 GMT" time="67.352" errors="0">
  <testcase name="subscribechannel" time="67.352" classname="pkgyt.TC6"/>
</testsuite> <!-- pkgyt.TC6 -->
