<?xml version="1.0" encoding="UTF-8"?>
<!-- Generated by org.testng.reporters.JUnitReportReporter -->
<testsuite hostname="DESKTOP-HQCM5R0" name="pkgyt.TC1" tests="1" failures="0" timestamp="31 May 2020 03:59:46 GMT" time="50.321" errors="0">
  <testcase name="trending" time="50.321" classname="pkgyt.TC1"/>
</testsuite> <!-- pkgyt.TC1 -->
