<?xml version="1.0" encoding="UTF-8"?>
<!-- Generated by org.testng.reporters.JUnitReportReporter -->
<testsuite hostname="DESKTOP-HQCM5R0" name="pkgyt.TC2" tests="1" failures="0" timestamp="31 May 2020 03:59:46 GMT" time="44.769" errors="0">
  <testcase name="subscription" time="44.769" classname="pkgyt.TC2"/>
</testsuite> <!-- pkgyt.TC2 -->
